
Showing logs for build [32mcb-kubecd-environment-pr-124-15-qpjf6-1[0m stage [32mfrom-build-pack[0m and container [32mstep-credential-initializer-rh795[0m
{"level":"warn","ts":1578317611.3785896,"logger":"fallback-logger","caller":"logging/config.go:69","msg":"Fetch GitHub commit ID from kodata failed: \"ref: refs/heads/0.8.0-**-support-backwards-incompats\" is not a valid GitHub commit ID"}
{"level":"info","ts":1578317611.3791206,"logger":"fallback-logger","caller":"creds-init/main.go:40","msg":"Credentials initialized."}

Showing logs for build [32mcb-kubecd-environment-pr-124-15-qpjf6-1[0m stage [32mfrom-build-pack[0m and container [32mstep-working-dir-initializer-jm64x[0m
{"level":"warn","ts":1578317612.2451077,"logger":"fallback-logger","caller":"logging/config.go:69","msg":"Fetch GitHub commit ID from kodata failed: open /var/run/ko/HEAD: no such file or directory"}
{"level":"info","ts":1578317612.2468593,"logger":"fallback-logger","caller":"bash/main.go:64","msg":"Successfully executed command \"sh -c mkdir -p /workspace/source\"; output "}

Showing logs for build [32mcb-kubecd-environment-pr-124-15-qpjf6-1[0m stage [32mfrom-build-pack[0m and container [32mstep-place-tools[0m

Showing logs for build [32mcb-kubecd-environment-pr-124-15-qpjf6-1[0m stage [32mfrom-build-pack[0m and container [32mstep-git-source-cb-kubecd-environment-pr-124-15-7bx7w[0m
{"level":"warn","ts":1578317617.4743207,"logger":"fallback-logger","caller":"logging/config.go:69","msg":"Fetch GitHub commit ID from kodata failed: \"ref: refs/heads/0.8.0-**-support-backwards-incompats\" is not a valid GitHub commit ID"}
{"level":"info","ts":1578317618.6884499,"logger":"fallback-logger","caller":"git/git.go:103","msg":"Successfully cloned https://github.com/cb-kubecd/environment-pr-124-15-boot-vault-gke-staging.git @ master in path /workspace/source"}

Showing logs for build [32mcb-kubecd-environment-pr-124-15-qpjf6-1[0m stage [32mfrom-build-pack[0m and container [32mstep-git-merge[0m
Using SHAs from PULL_REFS=master:f6b30409d7534b3cbadbd3f368f7ac4198e9c9bf,3:5f92bd1dd4966252298d589b1c7370a73b4ab1a6
DEBUG: ran git fetch --unshallow origin 5f92bd1dd4966252298d589b1c7370a73b4ab1a6: f6b30409d7534b3cbadbd3f368f7ac4198e9c9bf: in 
DEBUG: ran git checkout master in 
DEBUG: ran git reset --hard f6b30409d7534b3cbadbd3f368f7ac4198e9c9bf in 
DEBUG: ran clean --force -d . in 
DEBUG: ran git merge 5f92bd1dd4966252298d589b1c7370a73b4ab1a6 in 
Merged SHA 5f92bd1dd4966252298d589b1c7370a73b4ab1a6 with commit message 'chore: Promote bdd-nh-1578316137 to version 0.0.1' into base branch master

Showing logs for build [32mcb-kubecd-environment-pr-124-15-qpjf6-1[0m stage [32mfrom-build-pack[0m and container [32mstep-build-helm-build[0m
WARNING: No $CHART_REPOSITORY defined so using the default value of: http://jenkins-x-chartmuseum:8080
Adding missing Helm repo: storage.googleapis.com https://storage.googleapis.com/chartmuseum.jenkins-x.io
WARNING: No secrets found on "helm/repos" due: reading the secret "helm/repos" from vault: no secret "helm/repos" not found in vault
Read credentials for https://storage.googleapis.com/chartmuseum.jenkins-x.io from vault helm/repos
Successfully added Helm repository storage.googleapis.com.
Adding missing Helm repo: jenkins-x-chartmuseum http://jenkins-x-chartmuseum:8080
WARNING: No secrets found on "helm/repos" due: reading the secret "helm/repos" from vault: no secret "helm/repos" not found in vault
Read credentials for http://jenkins-x-chartmuseum:8080 from vault helm/repos
Successfully added Helm repository jenkins-x-chartmuseum.
WARNING: No $CHART_REPOSITORY defined so using the default value of: http://jenkins-x-chartmuseum:8080
Adding missing Helm repo: chartmuseum.jenkins-x.io http://chartmuseum.jenkins-x.io
WARNING: No secrets found on "helm/repos" due: reading the secret "helm/repos" from vault: no secret "helm/repos" not found in vault
Read credentials for http://chartmuseum.jenkins-x.io from vault helm/repos
Successfully added Helm repository chartmuseum.jenkins-x.io.
